{"level":30,"time":1756466323725,"msg":"Бот запущен."}
{"level":30,"time":1756466323731,"msg":"Подключение к базе данных SQLite успешно установлено."}
{"level":30,"time":1756466323750,"msg":"Таблица \"users\" готова."}
{"level":30,"time":1756466584892,"msg":"Бот запущен."}
{"level":30,"time":1756466584896,"msg":"Подключение к базе данных SQLite успешно установлено."}
{"level":30,"time":1756466584901,"msg":"Таблица \"users\" готова."}
{"level":50,"time":1756466585411,"reason":{"method":"getUpdates","payload":{"offset":1,"timeout":30},"ok":false,"name":"GrammyError","error_code":409,"description":"Conflict: terminated by other getUpdates request; make sure that only one bot instance is running","parameters":{}},"msg":"Unhandled Rejection"}
{"level":30,"time":1756467273432,"msg":"Бот запущен."}
{"level":30,"time":1756467273440,"msg":"Подключение к базе данных SQLite успешно установлено."}
{"level":30,"time":1756467273469,"msg":"Таблица \"users\" готова."}
{"level":30,"time":"29.08.2025 16:36","msg":"Бот запущен."}
{"level":30,"time":"29.08.2025 16:36","msg":"Подключение к базе данных SQLite успешно установлено."}
{"level":30,"time":"29.08.2025 16:36","msg":"Таблица \"users\" готова."}
{"level":30,"time":"29.08.2025 16:36","msg":"Бот запущен."}
{"level":30,"time":"29.08.2025 16:36","msg":"Подключение к базе данных SQLite успешно установлено."}
{"level":30,"time":"29.08.2025 16:36","msg":"Таблица \"users\" готова."}
{"level":30,"time":"29.08.2025 16:36","msg":"Бот запущен."}
{"level":30,"time":"29.08.2025 16:36","msg":"Подключение к базе данных SQLite успешно установлено."}
{"level":30,"time":"29.08.2025 16:36","msg":"Таблица \"users\" готова."}
{"level":50,"time":"29.08.2025 16:36","reason":{"method":"getUpdates","payload":{"offset":1,"timeout":30,"allowed_updates":[]},"ok":false,"name":"GrammyError","error_code":409,"description":"Conflict: terminated by other getUpdates request; make sure that only one bot instance is running","parameters":{}},"msg":"Unhandled Rejection"}
{"level":30,"time":"29.08.2025 16:38","msg":"Бот запущен."}
{"level":30,"time":"29.08.2025 16:38","msg":"Подключение к базе данных SQLite успешно установлено."}
{"level":30,"time":"29.08.2025 16:38","msg":"Таблица \"users\" готова."}
{"level":30,"time":"29.08.2025 16:38","msg":"Бот запущен."}
{"level":30,"time":"29.08.2025 16:38","msg":"Подключение к базе данных SQLite успешно установлено."}
{"level":30,"time":"29.08.2025 16:38","msg":"Таблица \"users\" готова."}
{"level":30,"time":"29.08.2025 16:39","msg":"Бот запущен."}
{"level":30,"time":"29.08.2025 16:39","msg":"Подключение к базе данных SQLite успешно установлено."}
{"level":30,"time":"29.08.2025 16:39","msg":"Таблица \"users\" готова."}
{"level":30,"time":"29.08.2025 16:39","msg":"Бот запущен."}
{"level":30,"time":"29.08.2025 16:39","msg":"Подключение к базе данных SQLite успешно установлено."}
{"level":30,"time":"29.08.2025 16:39","msg":"Таблица \"users\" готова."}
{"level":30,"time":"29.08.2025 16:39","msg":"Бот запущен."}
{"level":30,"time":"29.08.2025 16:39","msg":"Подключение к базе данных SQLite успешно установлено."}
{"level":30,"time":"29.08.2025 16:39","msg":"Таблица \"users\" готова."}
{"level":30,"time":"29.08.2025 16:45","msg":"Бот запущен."}
{"level":30,"time":"29.08.2025 16:45","msg":"Подключение к базе данных SQLite успешно установлено."}
{"level":30,"time":"29.08.2025 16:45","msg":"Таблица \"users\" готова."}
{"level":30,"time":"29.08.2025 16:45","msg":"Бот запущен."}
{"level":30,"time":"29.08.2025 16:45","msg":"Подключение к базе данных SQLite успешно установлено."}
{"level":30,"time":"29.08.2025 16:45","msg":"Таблица \"users\" готова."}
{"level":30,"time":"29.08.2025 16:45","msg":"Бот запущен."}
{"level":30,"time":"29.08.2025 16:45","msg":"Подключение к базе данных SQLite успешно установлено."}
{"level":30,"time":"29.08.2025 16:45","msg":"Таблица \"users\" готова."}
{"level":30,"time":"29.08.2025 16:47","msg":"Бот запущен."}
{"level":30,"time":"29.08.2025 16:47","msg":"Подключение к базе данных SQLite успешно установлено."}
{"level":30,"time":"29.08.2025 16:47","msg":"Таблица \"users\" готова."}
{"level":30,"time":"29.08.2025 16:47","msg":"Бот запущен."}
{"level":30,"time":"29.08.2025 16:47","msg":"Подключение к базе данных SQLite успешно установлено."}
{"level":30,"time":"29.08.2025 16:47","msg":"Таблица \"users\" готова."}
{"level":50,"time":"29.08.2025 16:47","reason":{"method":"getUpdates","payload":{"offset":1,"timeout":30,"allowed_updates":[]},"ok":false,"name":"GrammyError","error_code":409,"description":"Conflict: terminated by other getUpdates request; make sure that only one bot instance is running","parameters":{}},"msg":"Unhandled Rejection"}
{"level":30,"time":"29.08.2025 16:47","msg":"Бот запущен."}
{"level":30,"time":"29.08.2025 16:47","msg":"Подключение к базе данных SQLite успешно установлено."}
{"level":30,"time":"29.08.2025 16:47","msg":"Таблица \"users\" готова."}
{"level":30,"time":"29.08.2025 16:48","msg":"Бот запущен."}
{"level":30,"time":"29.08.2025 16:48","msg":"Подключение к базе данных SQLite успешно установлено."}
{"level":30,"time":"29.08.2025 16:48","msg":"Таблица \"users\" готова."}
{"level":30,"time":"29.08.2025 16:48","msg":"Бот запущен."}
{"level":30,"time":"29.08.2025 16:48","msg":"Подключение к базе данных SQLite успешно установлено."}
{"level":30,"time":"29.08.2025 16:48","msg":"Таблица \"users\" готова."}
{"level":30,"time":"29.08.2025 16:59","msg":"Бот запущен."}
{"level":30,"time":"29.08.2025 16:59","msg":"Подключение к базе данных SQLite успешно установлено."}
{"level":30,"time":"29.08.2025 16:59","msg":"Таблица \"users\" готова."}
{"level":30,"time":"29.08.2025 17:05","msg":"Бот запущен."}
{"level":30,"time":"29.08.2025 17:05","msg":"Подключение к базе данных SQLite успешно установлено."}
{"level":30,"time":"29.08.2025 17:05","msg":"Таблица \"users\" готова."}
{"level":30,"time":"29.08.2025 17:05","msg":"Бот запущен."}
{"level":30,"time":"29.08.2025 17:05","msg":"Подключение к базе данных SQLite успешно установлено."}
{"level":30,"time":"29.08.2025 17:05","msg":"Таблица \"users\" готова."}
{"level":30,"time":"29.08.2025 17:05","msg":"Бот запущен."}
{"level":30,"time":"29.08.2025 17:05","msg":"Подключение к базе данных SQLite успешно установлено."}
{"level":30,"time":"29.08.2025 17:05","msg":"Таблица \"users\" готова."}
{"level":30,"time":"29.08.2025 17:05","msg":"Бот запущен."}
{"level":30,"time":"29.08.2025 17:05","msg":"Подключение к базе данных SQLite успешно установлено."}
{"level":30,"time":"29.08.2025 17:05","msg":"Таблица \"users\" готова."}
{"level":30,"time":"29.08.2025 17:05","msg":"Бот запущен."}
{"level":30,"time":"29.08.2025 17:05","msg":"Подключение к базе данных SQLite успешно установлено."}
{"level":30,"time":"29.08.2025 17:05","msg":"Таблица \"users\" готова."}
{"level":30,"time":"29.08.2025 17:05","msg":"Бот запущен."}
{"level":30,"time":"29.08.2025 17:05","msg":"Подключение к базе данных SQLite успешно установлено."}
{"level":30,"time":"29.08.2025 17:05","msg":"Таблица \"users\" готова."}
{"level":30,"time":"29.08.2025 17:06","msg":"Бот запущен."}
{"level":30,"time":"29.08.2025 17:06","msg":"Подключение к базе данных SQLite успешно установлено."}
{"level":30,"time":"29.08.2025 17:06","msg":"Таблица \"users\" готова."}
{"level":30,"time":"29.08.2025 18:10","msg":"Бот запущен."}
{"level":30,"time":"29.08.2025 18:10","msg":"Подключение к базе данных SQLite успешно установлено."}
{"level":30,"time":"29.08.2025 18:10","msg":"Таблица \"users\" готова."}
{"level":30,"time":"29.08.2025 18:10","msg":"Таблица \"bot_users\" готова."}
{"level":30,"time":"29.08.2025 18:13","msg":"Бот запущен."}
{"level":30,"time":"29.08.2025 18:13","msg":"Подключение к базе данных SQLite успешно установлено."}
{"level":30,"time":"29.08.2025 18:13","msg":"Таблица \"users\" готова."}
{"level":30,"time":"29.08.2025 18:13","msg":"Таблица \"bot_users\" готова."}
{"level":30,"time":"29.08.2025 18:14","msg":"Бот запущен."}
{"level":30,"time":"29.08.2025 18:14","msg":"Подключение к базе данных SQLite успешно установлено."}
{"level":30,"time":"29.08.2025 18:14","msg":"Таблица \"users\" готова."}
{"level":30,"time":"29.08.2025 18:14","msg":"Таблица \"bot_users\" готова."}
{"level":50,"time":"29.08.2025 18:14","reason":{"method":"getUpdates","payload":{"offset":1,"timeout":30},"ok":false,"name":"GrammyError","error_code":409,"description":"Conflict: terminated by other getUpdates request; make sure that only one bot instance is running","parameters":{}},"msg":"Необработанное отклонение промиса"}
{"level":30,"time":"29.08.2025 18:14","msg":"Бот запущен."}
{"level":30,"time":"29.08.2025 18:14","msg":"Подключение к базе данных SQLite успешно установлено."}
{"level":30,"time":"29.08.2025 18:14","msg":"Таблица \"users\" готова."}
{"level":30,"time":"29.08.2025 18:14","msg":"Таблица \"bot_users\" готова."}
{"level":30,"time":"29.08.2025 18:14","msg":"Бот запущен."}
{"level":30,"time":"29.08.2025 18:14","msg":"Подключение к базе данных SQLite успешно установлено."}
{"level":30,"time":"29.08.2025 18:14","msg":"Таблица \"users\" готова."}
{"level":30,"time":"29.08.2025 18:14","msg":"Таблица \"bot_users\" готова."}
{"level":30,"time":"29.08.2025 18:15","msg":"Бот запущен."}
{"level":30,"time":"29.08.2025 18:15","msg":"Подключение к базе данных SQLite успешно установлено."}
{"level":30,"time":"29.08.2025 18:15","msg":"Таблица \"bot_users\" готова."}
{"level":30,"time":"29.08.2025 18:15","msg":"Таблица \"users\" готова."}
{"level":30,"time":"29.08.2025 18:18","msg":"Бот запущен."}
{"level":30,"time":"29.08.2025 18:18","msg":"Подключение к базе данных SQLite успешно установлено."}
{"level":30,"time":"29.08.2025 18:18","msg":"Таблица \"users\" готова."}
{"level":30,"time":"29.08.2025 18:18","msg":"Таблица \"bot_users\" готова."}
{"level":30,"time":"29.08.2025 18:18","msg":"Бот запущен."}
{"level":30,"time":"29.08.2025 18:18","msg":"Подключение к базе данных SQLite успешно установлено."}
{"level":30,"time":"29.08.2025 18:18","msg":"Таблица \"users\" готова."}
{"level":30,"time":"29.08.2025 18:18","msg":"Таблица \"bot_users\" готова."}
{"level":30,"time":"29.08.2025 18:18","msg":"Бот запущен."}
{"level":30,"time":"29.08.2025 18:18","msg":"Подключение к базе данных SQLite успешно установлено."}
{"level":30,"time":"29.08.2025 18:18","msg":"Таблица \"users\" готова."}
{"level":30,"time":"29.08.2025 18:18","msg":"Таблица \"bot_users\" готова."}
{"level":30,"time":"30.08.2025 14:08","msg":"Бот запущен."}
{"level":30,"time":"30.08.2025 14:08","msg":"Подключение к базе данных SQLite успешно установлено."}
{"level":30,"time":"30.08.2025 14:08","msg":"Таблица \"black_list\" готова."}
{"level":30,"time":"30.08.2025 14:08","msg":"Таблица \"bot_users\" готова."}
{"level":30,"time":"30.08.2025 14:08","msg":"Старая таблица \"users\" удалена (если существовала)."}
{"level":30,"time":"30.08.2025 14:12","msg":"Бот запущен."}
{"level":30,"time":"30.08.2025 14:12","msg":"Подключение к базе данных SQLite успешно установлено."}
{"level":30,"time":"30.08.2025 14:12","msg":"Таблица \"black_list\" готова."}
{"level":30,"time":"30.08.2025 14:12","msg":"Таблица \"bot_users\" готова."}
{"level":30,"time":"30.08.2025 20:20","msg":"Бот запущен."}
{"level":30,"time":"30.08.2025 20:20","msg":"Подключение к базе данных SQLite успешно установлено."}
{"level":30,"time":"30.08.2025 20:20","msg":"Таблица \"black_list\" готова."}
{"level":30,"time":"30.08.2025 20:20","msg":"Таблица \"bot_users\" готова."}
{"level":30,"time":"30.08.2025 20:25","msg":"Бот запущен."}
{"level":30,"time":"30.08.2025 20:25","msg":"Подключение к базе данных SQLite успешно установлено."}
{"level":30,"time":"30.08.2025 20:25","msg":"Таблица \"black_list\" готова."}
{"level":30,"time":"30.08.2025 20:25","msg":"Таблица \"bot_users\" готова."}
{"level":30,"time":"30.08.2025 20:27","msg":"Бот запущен."}
{"level":30,"time":"30.08.2025 20:27","msg":"Подключение к базе данных SQLite успешно установлено."}
{"level":30,"time":"30.08.2025 20:27","msg":"Таблица \"black_list\" готова."}
{"level":30,"time":"30.08.2025 20:27","msg":"Таблица \"bot_users\" готова."}
{"level":30,"time":"30.08.2025 20:37","msg":"Бот запущен."}
{"level":30,"time":"30.08.2025 20:37","msg":"Подключение к базе данных SQLite успешно установлено."}
{"level":30,"time":"30.08.2025 20:37","msg":"Таблица \"black_list\" готова."}
{"level":30,"time":"30.08.2025 20:37","msg":"Таблица \"bot_users\" готова."}
{"level":30,"time":"30.08.2025 20:38","msg":"Бот запущен."}
{"level":30,"time":"30.08.2025 20:38","msg":"Подключение к базе данных SQLite успешно установлено."}
{"level":30,"time":"30.08.2025 20:38","msg":"Таблица \"black_list\" готова."}
{"level":30,"time":"30.08.2025 20:38","msg":"Таблица \"bot_users\" готова."}
{"level":30,"time":"30.08.2025 20:38","msg":"Бот запущен."}
{"level":30,"time":"30.08.2025 20:38","msg":"Подключение к базе данных SQLite успешно установлено."}
{"level":30,"time":"30.08.2025 20:38","msg":"Таблица \"black_list\" готова."}
{"level":30,"time":"30.08.2025 20:38","msg":"Таблица \"bot_users\" готова."}
{"level":30,"time":"30.08.2025 20:51","msg":"Бот запущен."}
{"level":30,"time":"30.08.2025 20:51","msg":"Подключение к базе данных SQLite успешно установлено."}
{"level":30,"time":"30.08.2025 20:51","msg":"Таблица \"black_list\" готова."}
{"level":30,"time":"30.08.2025 20:51","msg":"Таблица \"bot_users\" готова."}
{"level":30,"time":"30.08.2025 20:51","msg":"Бот запущен."}
{"level":30,"time":"30.08.2025 20:51","msg":"Подключение к базе данных SQLite успешно установлено."}
{"level":30,"time":"30.08.2025 20:51","msg":"Таблица \"black_list\" готова."}
{"level":30,"time":"30.08.2025 20:51","msg":"Таблица \"bot_users\" готова."}
{"level":30,"time":"30.08.2025 20:51","msg":"Бот запущен."}
{"level":30,"time":"30.08.2025 20:51","msg":"Подключение к базе данных SQLite успешно установлено."}
{"level":30,"time":"30.08.2025 20:51","msg":"Таблица \"black_list\" готова."}
{"level":30,"time":"30.08.2025 20:51","msg":"Таблица \"bot_users\" готова."}
{"level":30,"time":"30.08.2025 20:52","msg":"Бот запущен."}
{"level":30,"time":"30.08.2025 20:52","msg":"Подключение к базе данных SQLite успешно установлено."}
{"level":30,"time":"30.08.2025 20:52","msg":"Таблица \"black_list\" готова."}
{"level":30,"time":"30.08.2025 20:52","msg":"Таблица \"bot_users\" готова."}
{"level":30,"time":"30.08.2025 20:52","msg":"Бот запущен."}
{"level":30,"time":"30.08.2025 20:52","msg":"Подключение к базе данных SQLite успешно установлено."}
{"level":30,"time":"30.08.2025 20:52","msg":"Таблица \"black_list\" готова."}
{"level":30,"time":"30.08.2025 20:52","msg":"Таблица \"bot_users\" готова."}
{"level":30,"time":"30.08.2025 20:52","msg":"Бот запущен."}
{"level":30,"time":"30.08.2025 20:52","msg":"Подключение к базе данных SQLite успешно установлено."}
{"level":30,"time":"30.08.2025 20:52","msg":"Таблица \"black_list\" готова."}
{"level":30,"time":"30.08.2025 20:52","msg":"Таблица \"bot_users\" готова."}
{"level":30,"time":"30.08.2025 20:52","msg":"Бот запущен."}
{"level":30,"time":"30.08.2025 20:52","msg":"Подключение к базе данных SQLite успешно установлено."}
{"level":30,"time":"30.08.2025 20:52","msg":"Таблица \"black_list\" готова."}
{"level":30,"time":"30.08.2025 20:52","msg":"Таблица \"bot_users\" готова."}
{"level":30,"time":"30.08.2025 20:55","msg":"Бот запущен."}
{"level":30,"time":"30.08.2025 20:55","msg":"Подключение к базе данных SQLite успешно установлено."}
{"level":30,"time":"30.08.2025 20:55","msg":"Таблица \"black_list\" готова."}
{"level":30,"time":"30.08.2025 20:55","msg":"Таблица \"bot_users\" готова."}
{"level":30,"time":"30.08.2025 20:55","msg":"Бот запущен."}
{"level":30,"time":"30.08.2025 20:55","msg":"Подключение к базе данных SQLite успешно установлено."}
{"level":30,"time":"30.08.2025 20:55","msg":"Таблица \"black_list\" готова."}
{"level":30,"time":"30.08.2025 20:55","msg":"Таблица \"bot_users\" готова."}
{"level":30,"time":"30.08.2025 20:55","msg":"Бот запущен."}
{"level":30,"time":"30.08.2025 20:55","msg":"Подключение к базе данных SQLite успешно установлено."}
{"level":30,"time":"30.08.2025 20:55","msg":"Таблица \"black_list\" готова."}
{"level":30,"time":"30.08.2025 20:55","msg":"Таблица \"bot_users\" готова."}
{"level":30,"time":"30.08.2025 20:56","msg":"Бот запущен."}
{"level":30,"time":"30.08.2025 20:56","msg":"Подключение к базе данных SQLite успешно установлено."}
{"level":30,"time":"30.08.2025 20:56","msg":"Таблица \"black_list\" готова."}
{"level":30,"time":"30.08.2025 20:56","msg":"Таблица \"bot_users\" готова."}
{"level":30,"time":"30.08.2025 20:56","msg":"Бот запущен."}
{"level":30,"time":"30.08.2025 20:56","msg":"Подключение к базе данных SQLite успешно установлено."}
{"level":30,"time":"30.08.2025 20:56","msg":"Таблица \"black_list\" готова."}
{"level":30,"time":"30.08.2025 20:56","msg":"Таблица \"bot_users\" готова."}
{"level":30,"time":"30.08.2025 20:57","msg":"Бот запущен."}
{"level":30,"time":"30.08.2025 20:57","msg":"Подключение к базе данных SQLite успешно установлено."}
{"level":30,"time":"30.08.2025 20:57","msg":"Таблица \"black_list\" готова."}
{"level":30,"time":"30.08.2025 20:57","msg":"Таблица \"bot_users\" готова."}
{"level":30,"time":"30.08.2025 20:57","msg":"Бот запущен."}
{"level":30,"time":"30.08.2025 20:57","msg":"Подключение к базе данных SQLite успешно установлено."}
{"level":30,"time":"30.08.2025 20:57","msg":"Таблица \"black_list\" готова."}
{"level":30,"time":"30.08.2025 20:57","msg":"Таблица \"bot_users\" готова."}
{"level":30,"time":"30.08.2025 20:57","msg":"Бот запущен."}
{"level":30,"time":"30.08.2025 20:57","msg":"Подключение к базе данных SQLite успешно установлено."}
{"level":30,"time":"30.08.2025 20:57","msg":"Таблица \"black_list\" готова."}
{"level":30,"time":"30.08.2025 20:57","msg":"Таблица \"bot_users\" готова."}
{"level":30,"time":"30.08.2025 21:28","msg":"Бот запущен."}
{"level":30,"time":"30.08.2025 21:28","msg":"Подключение к базе данных SQLite успешно установлено."}
{"level":30,"time":"30.08.2025 21:28","msg":"Таблица \"black_list\" готова."}
{"level":30,"time":"30.08.2025 21:28","msg":"Таблица \"bot_users\" готова."}
{"level":30,"time":"30.08.2025 21:28","msg":"Бот запущен."}
{"level":30,"time":"30.08.2025 21:28","msg":"Подключение к базе данных SQLite успешно установлено."}
{"level":30,"time":"30.08.2025 21:28","msg":"Таблица \"black_list\" готова."}
{"level":30,"time":"30.08.2025 21:28","msg":"Таблица \"bot_users\" готова."}
{"level":30,"time":"30.08.2025 21:28","msg":"Бот запущен."}
{"level":30,"time":"30.08.2025 21:28","msg":"Подключение к базе данных SQLite успешно установлено."}
{"level":30,"time":"30.08.2025 21:28","msg":"Таблица \"black_list\" готова."}
{"level":30,"time":"30.08.2025 21:28","msg":"Таблица \"bot_users\" готова."}
{"level":30,"time":"30.08.2025 21:32","msg":"Бот запущен."}
{"level":30,"time":"30.08.2025 21:32","msg":"Подключение к базе данных SQLite успешно установлено."}
{"level":30,"time":"30.08.2025 21:32","msg":"Таблица \"bot_users\" готова."}
{"level":30,"time":"30.08.2025 21:32","msg":"Таблица \"black_list\" готова."}
{"level":30,"time":"30.08.2025 21:32","msg":"Бот запущен."}
{"level":30,"time":"30.08.2025 21:32","msg":"Подключение к базе данных SQLite успешно установлено."}
{"level":30,"time":"30.08.2025 21:32","msg":"Таблица \"black_list\" готова."}
{"level":30,"time":"30.08.2025 21:32","msg":"Таблица \"bot_users\" готова."}
{"level":40,"time":"30.08.2025 21:32","repliedText":"Рассылка успешно завершена. Сообщение отправлено 1 пользователям. Заблокировано 0.","msg":"Не удалось определить пользователя для ответа (текст)"}
{"level":30,"time":"30.08.2025 21:33","msg":"Бот запущен."}
{"level":30,"time":"30.08.2025 21:33","msg":"Подключение к базе данных SQLite успешно установлено."}
{"level":30,"time":"30.08.2025 21:33","msg":"Таблица \"black_list\" готова."}
{"level":30,"time":"30.08.2025 21:33","msg":"Таблица \"bot_users\" готова."}
{"level":50,"time":"30.08.2025 21:33","update":{"update_id":793600373,"message":{"message_id":517,"from":{"id":5077836445,"is_bot":false,"first_name":"Забирджон","username":"ashurmezan","language_code":"ru"},"chat":{"id":-4627282305,"title":"Тест для бота на node.js","type":"group","all_members_are_administrators":true,"accepted_gift_types":{"unlimited_gifts":false,"limited_gifts":false,"unique_gifts":false,"premium_subscription":false}},"date":1756571606,"text":"/send_news","entities":[{"offset":0,"length":10,"type":"bot_command"}]}},"err":{"type":"BotError","message":"TypeError in middleware: Cannot read properties of undefined (reading 'message_id')","stack":"TypeError: Cannot read properties of undefined (reading 'message_id')\n    at /home/lion2517/Рабочий стол/Учёба/Javascript/telegram_bot/index.js:55:61\n    at /home/lion2517/Рабочий стол/Учёба/Javascript/telegram_bot/node_modules/grammy/out/composer.js:52:41\n    at /home/lion2517/Рабочий стол/Учёба/Javascript/telegram_bot/node_modules/grammy/out/composer.js:52:41\n    at /home/lion2517/Рабочий стол/Учёба/Javascript/telegram_bot/node_modules/grammy/out/composer.js:578:48\n    at process.processTicksAndRejections (node:internal/process/task_queues:95:5)\n    at async /home/lion2517/Рабочий стол/Учёба/Javascript/telegram_bot/node_modules/grammy/out/composer.js:62:13\n    at async /home/lion2517/Рабочий стол/Учёба/Javascript/telegram_bot/node_modules/grammy/out/composer.js:578:13\n    at async /home/lion2517/Рабочий стол/Учёба/Javascript/telegram_bot/node_modules/grammy/out/composer.js:62:13\n    at async /home/lion2517/Рабочий стол/Учёба/Javascript/telegram_bot/node_modules/grammy/out/composer.js:578:13\n    at async /home/lion2517/Рабочий стол/Учёба/Javascript/telegram_bot/node_modules/grammy/out/composer.js:62:13","error":{"type":"TypeError","message":"Cannot read properties of undefined (reading 'message_id')","stack":"TypeError: Cannot read properties of undefined (reading 'message_id')\n    at /home/lion2517/Рабочий стол/Учёба/Javascript/telegram_bot/index.js:55:61\n    at /home/lion2517/Рабочий стол/Учёба/Javascript/telegram_bot/node_modules/grammy/out/composer.js:52:41\n    at /home/lion2517/Рабочий стол/Учёба/Javascript/telegram_bot/node_modules/grammy/out/composer.js:52:41\n    at /home/lion2517/Рабочий стол/Учёба/Javascript/telegram_bot/node_modules/grammy/out/composer.js:578:48\n    at process.processTicksAndRejections (node:internal/process/task_queues:95:5)\n    at async /home/lion2517/Рабочий стол/Учёба/Javascript/telegram_bot/node_modules/grammy/out/composer.js:62:13\n    at async /home/lion2517/Рабочий стол/Учёба/Javascript/telegram_bot/node_modules/grammy/out/composer.js:578:13\n    at async /home/lion2517/Рабочий стол/Учёба/Javascript/telegram_bot/node_modules/grammy/out/composer.js:62:13\n    at async /home/lion2517/Рабочий стол/Учёба/Javascript/telegram_bot/node_modules/grammy/out/composer.js:578:13\n    at async /home/lion2517/Рабочий стол/Учёба/Javascript/telegram_bot/node_modules/grammy/out/composer.js:62:13"},"ctx":{"update":{"update_id":793600373,"message":{"message_id":517,"from":{"id":5077836445,"is_bot":false,"first_name":"Забирджон","username":"ashurmezan","language_code":"ru"},"chat":{"id":-4627282305,"title":"Тест для бота на node.js","type":"group","all_members_are_administrators":true,"accepted_gift_types":{"unlimited_gifts":false,"limited_gifts":false,"unique_gifts":false,"premium_subscription":false}},"date":1756571606,"text":"/send_news","entities":[{"offset":0,"length":10,"type":"bot_command"}]}},"api":{"token":"7151630548:AAFymuvNTiFFf9xsfNvWuuK2SRlGbMZZxfU","raw":{},"config":{}},"me":{"id":7151630548,"is_bot":true,"first_name":"Библиотекарь","username":"Library_Test_for_Leo_Bot","can_join_groups":true,"can_read_all_group_messages":false,"supports_inline_queries":false,"can_connect_to_business":false,"has_main_web_app":false},"match":""},"name":"BotError"},"msg":"Ошибка бота перехвачена"}
{"level":30,"time":"30.08.2025 21:46","msg":"Бот запущен."}
{"level":30,"time":"30.08.2025 21:46","msg":"Подключение к базе данных SQLite успешно установлено."}
{"level":30,"time":"30.08.2025 21:46","msg":"Таблица \"black_list\" готова."}
{"level":30,"time":"30.08.2025 21:46","msg":"Таблица \"bot_users\" готова."}
{"level":30,"time":"30.08.2025 21:46","msg":"Бот запущен."}
{"level":30,"time":"30.08.2025 21:46","msg":"Подключение к базе данных SQLite успешно установлено."}
{"level":30,"time":"30.08.2025 21:46","msg":"Таблица \"black_list\" готова."}
{"level":30,"time":"30.08.2025 21:46","msg":"Таблица \"bot_users\" готова."}
{"level":30,"time":"30.08.2025 21:46","msg":"Бот запущен."}
{"level":30,"time":"30.08.2025 21:46","msg":"Подключение к базе данных SQLite успешно установлено."}
{"level":30,"time":"30.08.2025 21:46","msg":"Таблица \"black_list\" готова."}
{"level":30,"time":"30.08.2025 21:46","msg":"Таблица \"bot_users\" готова."}
{"level":30,"time":"30.08.2025 21:46","msg":"Бот запущен."}
{"level":30,"time":"30.08.2025 21:46","msg":"Подключение к базе данных SQLite успешно установлено."}
{"level":30,"time":"30.08.2025 21:46","msg":"Таблица \"black_list\" готова."}
{"level":30,"time":"30.08.2025 21:46","msg":"Таблица \"bot_users\" готова."}
{"level":30,"time":"30.08.2025 21:46","msg":"Бот запущен."}
{"level":30,"time":"30.08.2025 21:46","msg":"Подключение к базе данных SQLite успешно установлено."}
{"level":30,"time":"30.08.2025 21:46","msg":"Таблица \"black_list\" готова."}
{"level":30,"time":"30.08.2025 21:46","msg":"Таблица \"bot_users\" готова."}
{"level":30,"time":"30.08.2025 21:46","msg":"Бот запущен."}
{"level":30,"time":"30.08.2025 21:46","msg":"Подключение к базе данных SQLite успешно установлено."}
{"level":30,"time":"30.08.2025 21:46","msg":"Таблица \"black_list\" готова."}
{"level":30,"time":"30.08.2025 21:46","msg":"Таблица \"bot_users\" готова."}
{"level":30,"time":"30.08.2025 21:46","msg":"Бот запущен."}
{"level":30,"time":"30.08.2025 21:46","msg":"Подключение к базе данных SQLite успешно установлено."}
{"level":30,"time":"30.08.2025 21:46","msg":"Таблица \"black_list\" готова."}
{"level":30,"time":"30.08.2025 21:46","msg":"Таблица \"bot_users\" готова."}
{"level":30,"time":"30.08.2025 21:46","msg":"Бот запущен."}
{"level":30,"time":"30.08.2025 21:46","msg":"Подключение к базе данных SQLite успешно установлено."}
{"level":30,"time":"30.08.2025 21:46","msg":"Таблица \"black_list\" готова."}
{"level":30,"time":"30.08.2025 21:46","msg":"Таблица \"bot_users\" готова."}
{"level":30,"time":"30.08.2025 21:46","msg":"Бот запущен."}
{"level":30,"time":"30.08.2025 21:46","msg":"Подключение к базе данных SQLite успешно установлено."}
{"level":30,"time":"30.08.2025 21:46","msg":"Таблица \"black_list\" готова."}
{"level":30,"time":"30.08.2025 21:46","msg":"Таблица \"bot_users\" готова."}
{"level":30,"time":"30.08.2025 21:46","msg":"Бот запущен."}
{"level":30,"time":"30.08.2025 21:46","msg":"Подключение к базе данных SQLite успешно установлено."}
{"level":30,"time":"30.08.2025 21:46","msg":"Таблица \"black_list\" готова."}
{"level":30,"time":"30.08.2025 21:46","msg":"Таблица \"bot_users\" готова."}
{"level":30,"time":"30.08.2025 21:46","msg":"Бот запущен."}
{"level":30,"time":"30.08.2025 21:46","msg":"Подключение к базе данных SQLite успешно установлено."}
{"level":30,"time":"30.08.2025 21:46","msg":"Таблица \"black_list\" готова."}
{"level":30,"time":"30.08.2025 21:46","msg":"Таблица \"bot_users\" готова."}
{"level":30,"time":"30.08.2025 21:47","msg":"Бот запущен."}
{"level":30,"time":"30.08.2025 21:47","msg":"Подключение к базе данных SQLite успешно установлено."}
{"level":30,"time":"30.08.2025 21:47","msg":"Таблица \"black_list\" готова."}
{"level":30,"time":"30.08.2025 21:47","msg":"Таблица \"bot_users\" готова."}
{"level":30,"time":"30.08.2025 21:47","msg":"Бот запущен."}
{"level":30,"time":"30.08.2025 21:47","msg":"Подключение к базе данных SQLite успешно установлено."}
{"level":30,"time":"30.08.2025 21:47","msg":"Таблица \"black_list\" готова."}
{"level":30,"time":"30.08.2025 21:47","msg":"Таблица \"bot_users\" готова."}
{"level":30,"time":"30.08.2025 21:48","msg":"Бот запущен."}
{"level":30,"time":"30.08.2025 21:48","msg":"Подключение к базе данных SQLite успешно установлено."}
{"level":30,"time":"30.08.2025 21:48","msg":"Таблица \"black_list\" готова."}
{"level":30,"time":"30.08.2025 21:48","msg":"Таблица \"bot_users\" готова."}
{"level":30,"time":"30.08.2025 21:48","msg":"Бот запущен."}
{"level":30,"time":"30.08.2025 21:48","msg":"Подключение к базе данных SQLite успешно установлено."}
{"level":30,"time":"30.08.2025 21:48","msg":"Таблица \"black_list\" готова."}
{"level":30,"time":"30.08.2025 21:48","msg":"Таблица \"bot_users\" готова."}
{"level":30,"time":"30.08.2025 21:48","msg":"Бот запущен."}
{"level":30,"time":"30.08.2025 21:48","msg":"Подключение к базе данных SQLite успешно установлено."}
{"level":30,"time":"30.08.2025 21:48","msg":"Таблица \"black_list\" готова."}
{"level":30,"time":"30.08.2025 21:48","msg":"Таблица \"bot_users\" готова."}
{"level":30,"time":"30.08.2025 21:48","msg":"Бот запущен."}
{"level":30,"time":"30.08.2025 21:48","msg":"Подключение к базе данных SQLite успешно установлено."}
{"level":30,"time":"30.08.2025 21:48","msg":"Таблица \"black_list\" готова."}
{"level":30,"time":"30.08.2025 21:48","msg":"Таблица \"bot_users\" готова."}
{"level":30,"time":"30.08.2025 21:50","msg":"Бот запущен."}
{"level":30,"time":"30.08.2025 21:50","msg":"Подключение к базе данных SQLite успешно установлено."}
{"level":30,"time":"30.08.2025 21:50","msg":"Таблица \"black_list\" готова."}
{"level":30,"time":"30.08.2025 21:50","msg":"Таблица \"bot_users\" готова."}
{"level":30,"time":"30.08.2025 21:57","msg":"Бот запущен."}
{"level":30,"time":"30.08.2025 21:57","msg":"Подключение к базе данных SQLite успешно установлено."}
{"level":30,"time":"30.08.2025 21:57","msg":"Таблица \"black_list\" готова."}
{"level":30,"time":"30.08.2025 21:57","msg":"Таблица \"bot_users\" готова."}
{"level":30,"time":"30.08.2025 21:58","msg":"Бот запущен."}
{"level":30,"time":"30.08.2025 21:58","msg":"Подключение к базе данных SQLite успешно установлено."}
{"level":30,"time":"30.08.2025 21:58","msg":"Таблица \"black_list\" готова."}
{"level":30,"time":"30.08.2025 21:58","msg":"Таблица \"bot_users\" готова."}
{"level":50,"time":"30.08.2025 21:58","update":{"update_id":793600377,"message":{"message_id":523,"from":{"id":5077836445,"is_bot":false,"first_name":"Забирджон","username":"ashurmezan","language_code":"ru"},"chat":{"id":-4627282305,"title":"Тест для бота на node.js","type":"group","all_members_are_administrators":true,"accepted_gift_types":{"unlimited_gifts":false,"limited_gifts":false,"unique_gifts":false,"premium_subscription":false}},"date":1756573101,"photo":[{"file_id":"AgACAgIAAxkBAAICCmizLU6qL2agFtW7GFEOZdKW4mC8AALc-jEbUc-ZSX1qG9wCkNqaAQADAgADcwADNgQ","file_unique_id":"AQAD3PoxG1HPmUl4","file_size":978,"width":90,"height":51},{"file_id":"AgACAgIAAxkBAAICCmizLU6qL2agFtW7GFEOZdKW4mC8AALc-jEbUc-ZSX1qG9wCkNqaAQADAgADbQADNgQ","file_unique_id":"AQAD3PoxG1HPmUly","file_size":11787,"width":320,"height":180},{"file_id":"AgACAgIAAxkBAAICCmizLU6qL2agFtW7GFEOZdKW4mC8AALc-jEbUc-ZSX1qG9wCkNqaAQADAgADeAADNgQ","file_unique_id":"AQAD3PoxG1HPmUl9","file_size":49269,"width":800,"height":450},{"file_id":"AgACAgIAAxkBAAICCmizLU6qL2agFtW7GFEOZdKW4mC8AALc-jEbUc-ZSX1qG9wCkNqaAQADAgADeQADNgQ","file_unique_id":"AQAD3PoxG1HPmUl-","file_size":90722,"width":1280,"height":720}],"caption":"/send_news\nСводка новостей\n\n1.  *29 августа.* В Риге открылся новый технопарк. Вчера в столице начал работу «Tech Hub Riga» — инновационный кластер, объединяющий IT-стартапы. Ожидается создание более 500 новых рабочих мест в течение двух лет.\n\n2.  *29 августа.* Курс криптовалют показал рост. Ведущие цифровые валюты, включая Bitcoin и Ethereum, продемонстрировали уверенный рост на 7% за последние 24 часа. Аналитики связывают это с новостями о смягчении регулирования в азиатском регионе.\n\n3.  *29 августа.* В Германии прошёл саммит по вопросам экологии. В Берлине завершилась международная конференция «Green Future 2025», где лидеры 30 стран обсудили стратегии сокращения выбросов углекислого газа. Принята дорожная карта по переходу на возобновляемые источники энергии.\n\n4.  *29 августа.* Исследователи нашли новый вид насекомых. Группа учёных из университета Оксфорда обнаружила в тропических лесах Амазонии ранее неизвестный вид бабочек.","caption_entities":[{"offset":0,"length":10,"type":"bot_command"},{"offset":11,"length":15,"type":"bold"},{"offset":46,"length":32,"type":"bold"},{"offset":262,"length":30,"type":"bold"},{"offset":510,"length":46,"type":"bold"},{"offset":794,"length":40,"type":"bold"}]}},"err":{"type":"BotError","message":"TypeError in middleware: Cannot read properties of undefined (reading 'includes')","stack":"TypeError: Cannot read properties of undefined (reading 'includes')\n    at /home/lion2517/Рабочий стол/Учёба/Javascript/telegram_bot/index.js:53:37\n    at /home/lion2517/Рабочий стол/Учёба/Javascript/telegram_bot/node_modules/grammy/out/composer.js:645:48\n    at /home/lion2517/Рабочий стол/Учёба/Javascript/telegram_bot/node_modules/grammy/out/composer.js:576:38\n    at /home/lion2517/Рабочий стол/Учёба/Javascript/telegram_bot/node_modules/grammy/out/composer.js:52:41\n    at /home/lion2517/Рабочий стол/Учёба/Javascript/telegram_bot/node_modules/grammy/out/composer.js:62:19\n    at pass (/home/lion2517/Рабочий стол/Учёба/Javascript/telegram_bot/node_modules/grammy/out/composer.js:67:12)\n    at /home/lion2517/Рабочий стол/Учёба/Javascript/telegram_bot/node_modules/grammy/out/composer.js:57:15\n    at /home/lion2517/Рабочий стол/Учёба/Javascript/telegram_bot/node_modules/grammy/out/composer.js:52:41\n    at /home/lion2517/Рабочий стол/Учёба/Javascript/telegram_bot/node_modules/grammy/out/composer.js:52:41\n    at /home/lion2517/Рабочий стол/Учёба/Javascript/telegram_bot/node_modules/grammy/out/composer.js:578:48","error":{"type":"TypeError","message":"Cannot read properties of undefined (reading 'includes')","stack":"TypeError: Cannot read properties of undefined (reading 'includes')\n    at /home/lion2517/Рабочий стол/Учёба/Javascript/telegram_bot/index.js:53:37\n    at /home/lion2517/Рабочий стол/Учёба/Javascript/telegram_bot/node_modules/grammy/out/composer.js:645:48\n    at /home/lion2517/Рабочий стол/Учёба/Javascript/telegram_bot/node_modules/grammy/out/composer.js:576:38\n    at /home/lion2517/Рабочий стол/Учёба/Javascript/telegram_bot/node_modules/grammy/out/composer.js:52:41\n    at /home/lion2517/Рабочий стол/Учёба/Javascript/telegram_bot/node_modules/grammy/out/composer.js:62:19\n    at pass (/home/lion2517/Рабочий стол/Учёба/Javascript/telegram_bot/node_modules/grammy/out/composer.js:67:12)\n    at /home/lion2517/Рабочий стол/Учёба/Javascript/telegram_bot/node_modules/grammy/out/composer.js:57:15\n    at /home/lion2517/Рабочий стол/Учёба/Javascript/telegram_bot/node_modules/grammy/out/composer.js:52:41\n    at /home/lion2517/Рабочий стол/Учёба/Javascript/telegram_bot/node_modules/grammy/out/composer.js:52:41\n    at /home/lion2517/Рабочий стол/Учёба/Javascript/telegram_bot/node_modules/grammy/out/composer.js:578:48"},"ctx":{"update":{"update_id":793600377,"message":{"message_id":523,"from":{"id":5077836445,"is_bot":false,"first_name":"Забирджон","username":"ashurmezan","language_code":"ru"},"chat":{"id":-4627282305,"title":"Тест для бота на node.js","type":"group","all_members_are_administrators":true,"accepted_gift_types":{"unlimited_gifts":false,"limited_gifts":false,"unique_gifts":false,"premium_subscription":false}},"date":1756573101,"photo":[{"file_id":"AgACAgIAAxkBAAICCmizLU6qL2agFtW7GFEOZdKW4mC8AALc-jEbUc-ZSX1qG9wCkNqaAQADAgADcwADNgQ","file_unique_id":"AQAD3PoxG1HPmUl4","file_size":978,"width":90,"height":51},{"file_id":"AgACAgIAAxkBAAICCmizLU6qL2agFtW7GFEOZdKW4mC8AALc-jEbUc-ZSX1qG9wCkNqaAQADAgADbQADNgQ","file_unique_id":"AQAD3PoxG1HPmUly","file_size":11787,"width":320,"height":180},{"file_id":"AgACAgIAAxkBAAICCmizLU6qL2agFtW7GFEOZdKW4mC8AALc-jEbUc-ZSX1qG9wCkNqaAQADAgADeAADNgQ","file_unique_id":"AQAD3PoxG1HPmUl9","file_size":49269,"width":800,"height":450},{"file_id":"AgACAgIAAxkBAAICCmizLU6qL2agFtW7GFEOZdKW4mC8AALc-jEbUc-ZSX1qG9wCkNqaAQADAgADeQADNgQ","file_unique_id":"AQAD3PoxG1HPmUl-","file_size":90722,"width":1280,"height":720}],"caption":"/send_news\nСводка новостей\n\n1.  *29 августа.* В Риге открылся новый технопарк. Вчера в столице начал работу «Tech Hub Riga» — инновационный кластер, объединяющий IT-стартапы. Ожидается создание более 500 новых рабочих мест в течение двух лет.\n\n2.  *29 августа.* Курс криптовалют показал рост. Ведущие цифровые валюты, включая Bitcoin и Ethereum, продемонстрировали уверенный рост на 7% за последние 24 часа. Аналитики связывают это с новостями о смягчении регулирования в азиатском регионе.\n\n3.  *29 августа.* В Германии прошёл саммит по вопросам экологии. В Берлине завершилась международная конференция «Green Future 2025», где лидеры 30 стран обсудили стратегии сокращения выбросов углекислого газа. Принята дорожная карта по переходу на возобновляемые источники энергии.\n\n4.  *29 августа.* Исследователи нашли новый вид насекомых. Группа учёных из университета Оксфорда обнаружила в тропических лесах Амазонии ранее неизвестный вид бабочек.","caption_entities":[{"offset":0,"length":10,"type":"bot_command"},{"offset":11,"length":15,"type":"bold"},{"offset":46,"length":32,"type":"bold"},{"offset":262,"length":30,"type":"bold"},{"offset":510,"length":46,"type":"bold"},{"offset":794,"length":40,"type":"bold"}]}},"api":{"token":"7151630548:AAFymuvNTiFFf9xsfNvWuuK2SRlGbMZZxfU","raw":{},"config":{}},"me":{"id":7151630548,"is_bot":true,"first_name":"Библиотекарь","username":"Library_Test_for_Leo_Bot","can_join_groups":true,"can_read_all_group_messages":false,"supports_inline_queries":false,"can_connect_to_business":false,"has_main_web_app":false}},"name":"BotError"},"msg":"Ошибка бота перехвачена"}
{"level":30,"time":"30.08.2025 22:02","msg":"Бот запущен."}
{"level":30,"time":"30.08.2025 22:02","msg":"Подключение к базе данных SQLite успешно установлено."}
{"level":30,"time":"30.08.2025 22:02","msg":"Таблица \"black_list\" готова."}
{"level":30,"time":"30.08.2025 22:02","msg":"Таблица \"bot_users\" готова."}
{"level":30,"time":"30.08.2025 22:09","msg":"Бот запущен."}
{"level":30,"time":"30.08.2025 22:09","msg":"Подключение к базе данных SQLite успешно установлено."}
{"level":30,"time":"30.08.2025 22:09","msg":"Таблица \"black_list\" готова."}
{"level":30,"time":"30.08.2025 22:09","msg":"Таблица \"bot_users\" готова."}
{"level":30,"time":"30.08.2025 22:10","msg":"Бот запущен."}
{"level":30,"time":"30.08.2025 22:10","msg":"Подключение к базе данных SQLite успешно установлено."}
{"level":30,"time":"30.08.2025 22:10","msg":"Таблица \"black_list\" готова."}
{"level":30,"time":"30.08.2025 22:10","msg":"Таблица \"bot_users\" готова."}
{"level":30,"time":"30.08.2025 22:11","msg":"Бот запущен."}
{"level":30,"time":"30.08.2025 22:11","msg":"Подключение к базе данных SQLite успешно установлено."}
{"level":30,"time":"30.08.2025 22:11","msg":"Таблица \"black_list\" готова."}
{"level":30,"time":"30.08.2025 22:11","msg":"Таблица \"bot_users\" готова."}
{"level":30,"time":"30.08.2025 22:11","msg":"Бот запущен."}
{"level":30,"time":"30.08.2025 22:11","msg":"Подключение к базе данных SQLite успешно установлено."}
{"level":30,"time":"30.08.2025 22:11","msg":"Таблица \"black_list\" готова."}
{"level":30,"time":"30.08.2025 22:11","msg":"Таблица \"bot_users\" готова."}
{"level":30,"time":"30.08.2025 22:11","msg":"Бот запущен."}
{"level":30,"time":"30.08.2025 22:11","msg":"Подключение к базе данных SQLite успешно установлено."}
{"level":30,"time":"30.08.2025 22:11","msg":"Таблица \"black_list\" готова."}
{"level":30,"time":"30.08.2025 22:11","msg":"Таблица \"bot_users\" готова."}
{"level":30,"time":"30.08.2025 22:12","msg":"Бот запущен."}
{"level":30,"time":"30.08.2025 22:12","msg":"Подключение к базе данных SQLite успешно установлено."}
{"level":30,"time":"30.08.2025 22:12","msg":"Таблица \"black_list\" готова."}
{"level":30,"time":"30.08.2025 22:12","msg":"Таблица \"bot_users\" готова."}
{"level":30,"time":"30.08.2025 22:12","msg":"Бот запущен."}
{"level":30,"time":"30.08.2025 22:12","msg":"Подключение к базе данных SQLite успешно установлено."}
{"level":30,"time":"30.08.2025 22:12","msg":"Таблица \"black_list\" готова."}
{"level":30,"time":"30.08.2025 22:12","msg":"Таблица \"bot_users\" готова."}
{"level":30,"time":"30.08.2025 22:13","msg":"Бот запущен."}
{"level":30,"time":"30.08.2025 22:13","msg":"Подключение к базе данных SQLite успешно установлено."}
{"level":30,"time":"30.08.2025 22:13","msg":"Таблица \"black_list\" готова."}
{"level":30,"time":"30.08.2025 22:13","msg":"Таблица \"bot_users\" готова."}
{"level":50,"time":"30.08.2025 22:13","update":{"update_id":793600381,"message":{"message_id":530,"from":{"id":5077836445,"is_bot":false,"first_name":"Забирджон","username":"ashurmezan","language_code":"ru"},"chat":{"id":5077836445,"first_name":"Забирджон","username":"ashurmezan","type":"private"},"date":1756574034,"text":"Ты работаешь?"}},"err":{"type":"BotError","message":"ReferenceError in middleware: ADMIN_CHAT_ID is not defined","stack":"ReferenceError: ADMIN_CHAT_ID is not defined\n    at bot.on.filter.messageToForward (/home/lion2517/Рабочий стол/Учёба/Javascript/telegram_bot/index.js:49:40)\n    at /home/lion2517/Рабочий стол/Учёба/Javascript/telegram_bot/node_modules/grammy/out/composer.js:645:48\n    at /home/lion2517/Рабочий стол/Учёба/Javascript/telegram_bot/node_modules/grammy/out/composer.js:576:38\n    at /home/lion2517/Рабочий стол/Учёба/Javascript/telegram_bot/node_modules/grammy/out/composer.js:52:41\n    at /home/lion2517/Рабочий стол/Учёба/Javascript/telegram_bot/node_modules/grammy/out/composer.js:62:19\n    at pass (/home/lion2517/Рабочий стол/Учёба/Javascript/telegram_bot/node_modules/grammy/out/composer.js:67:12)\n    at /home/lion2517/Рабочий стол/Учёба/Javascript/telegram_bot/node_modules/grammy/out/composer.js:57:15\n    at /home/lion2517/Рабочий стол/Учёба/Javascript/telegram_bot/node_modules/grammy/out/composer.js:52:41\n    at /home/lion2517/Рабочий стол/Учёба/Javascript/telegram_bot/node_modules/grammy/out/composer.js:52:41\n    at /home/lion2517/Рабочий стол/Учёба/Javascript/telegram_bot/node_modules/grammy/out/composer.js:578:48","error":{"type":"ReferenceError","message":"ADMIN_CHAT_ID is not defined","stack":"ReferenceError: ADMIN_CHAT_ID is not defined\n    at bot.on.filter.messageToForward (/home/lion2517/Рабочий стол/Учёба/Javascript/telegram_bot/index.js:49:40)\n    at /home/lion2517/Рабочий стол/Учёба/Javascript/telegram_bot/node_modules/grammy/out/composer.js:645:48\n    at /home/lion2517/Рабочий стол/Учёба/Javascript/telegram_bot/node_modules/grammy/out/composer.js:576:38\n    at /home/lion2517/Рабочий стол/Учёба/Javascript/telegram_bot/node_modules/grammy/out/composer.js:52:41\n    at /home/lion2517/Рабочий стол/Учёба/Javascript/telegram_bot/node_modules/grammy/out/composer.js:62:19\n    at pass (/home/lion2517/Рабочий стол/Учёба/Javascript/telegram_bot/node_modules/grammy/out/composer.js:67:12)\n    at /home/lion2517/Рабочий стол/Учёба/Javascript/telegram_bot/node_modules/grammy/out/composer.js:57:15\n    at /home/lion2517/Рабочий стол/Учёба/Javascript/telegram_bot/node_modules/grammy/out/composer.js:52:41\n    at /home/lion2517/Рабочий стол/Учёба/Javascript/telegram_bot/node_modules/grammy/out/composer.js:52:41\n    at /home/lion2517/Рабочий стол/Учёба/Javascript/telegram_bot/node_modules/grammy/out/composer.js:578:48"},"ctx":{"update":{"update_id":793600381,"message":{"message_id":530,"from":{"id":5077836445,"is_bot":false,"first_name":"Забирджон","username":"ashurmezan","language_code":"ru"},"chat":{"id":5077836445,"first_name":"Забирджон","username":"ashurmezan","type":"private"},"date":1756574034,"text":"Ты работаешь?"}},"api":{"token":"7151630548:AAFymuvNTiFFf9xsfNvWuuK2SRlGbMZZxfU","raw":{},"config":{}},"me":{"id":7151630548,"is_bot":true,"first_name":"Библиотекарь","username":"Library_Test_for_Leo_Bot","can_join_groups":true,"can_read_all_group_messages":false,"supports_inline_queries":false,"can_connect_to_business":false,"has_main_web_app":false}},"name":"BotError"},"msg":"Ошибка бота перехвачена"}
{"level":30,"time":"30.08.2025 22:14","msg":"Бот запущен."}
{"level":30,"time":"30.08.2025 22:14","msg":"Подключение к базе данных SQLite успешно установлено."}
{"level":30,"time":"30.08.2025 22:14","msg":"Таблица \"black_list\" готова."}
{"level":30,"time":"30.08.2025 22:14","msg":"Таблица \"bot_users\" готова."}
{"level":30,"time":"30.08.2025 22:15","msg":"Бот запущен."}
{"level":30,"time":"30.08.2025 22:15","msg":"Подключение к базе данных SQLite успешно установлено."}
{"level":30,"time":"30.08.2025 22:15","msg":"Таблица \"black_list\" готова."}
{"level":30,"time":"30.08.2025 22:15","msg":"Таблица \"bot_users\" готова."}
{"level":50,"time":"30.08.2025 22:15","update":{"update_id":793600383,"message":{"message_id":533,"from":{"id":5077836445,"is_bot":false,"first_name":"Забирджон","username":"ashurmezan","language_code":"ru"},"chat":{"id":-4627282305,"title":"Тест для бота на node.js","type":"group","all_members_are_administrators":true,"accepted_gift_types":{"unlimited_gifts":false,"limited_gifts":false,"unique_gifts":false,"premium_subscription":false}},"date":1756574115,"text":"/send_news\nСводка новостей\n\n1.  *29 августа.* В Риге открылся новый технопарк. Вчера в столице начал работу «Tech Hub Riga» — инновационный кластер, объединяющий IT-стартапы. Ожидается создание более 500 новых рабочих мест в течение двух лет.\n\n2.  *29 августа.* Курс криптовалют показал рост. Ведущие цифровые валюты, включая Bitcoin и Ethereum, продемонстрировали уверенный рост на 7% за последние 24 часа. Аналитики связывают это с новостями о смягчении регулирования в азиатском регионе.\n\n3.  *29 августа.* В Германии прошёл саммит по вопросам экологии. В Берлине завершилась международная конференция «Green Future 2025», где лидеры 30 стран обсудили стратегии сокращения выбросов углекислого газа. Принята дорожная карта по переходу на возобновляемые источники энергии.\n\n4.  *29 августа.* Исследователи нашли новый вид насекомых. Группа учёных из университета Оксфорда обнаружила в тропических лесах Амазонии ранее неизвестный вид бабочек.","entities":[{"offset":0,"length":10,"type":"bot_command"},{"offset":11,"length":15,"type":"bold"},{"offset":46,"length":32,"type":"bold"},{"offset":262,"length":30,"type":"bold"},{"offset":510,"length":46,"type":"bold"},{"offset":794,"length":40,"type":"bold"}]}},"err":{"type":"BotError","message":"ReferenceError in middleware: ADMIN_CHAT_ID is not defined","stack":"ReferenceError: ADMIN_CHAT_ID is not defined\n    at bot.on.filter.messageToForward (/home/lion2517/Рабочий стол/Учёба/Javascript/telegram_bot/index.js:49:40)\n    at /home/lion2517/Рабочий стол/Учёба/Javascript/telegram_bot/node_modules/grammy/out/composer.js:645:48\n    at /home/lion2517/Рабочий стол/Учёба/Javascript/telegram_bot/node_modules/grammy/out/composer.js:576:38\n    at /home/lion2517/Рабочий стол/Учёба/Javascript/telegram_bot/node_modules/grammy/out/composer.js:52:41\n    at /home/lion2517/Рабочий стол/Учёба/Javascript/telegram_bot/node_modules/grammy/out/composer.js:62:19\n    at pass (/home/lion2517/Рабочий стол/Учёба/Javascript/telegram_bot/node_modules/grammy/out/composer.js:67:12)\n    at /home/lion2517/Рабочий стол/Учёба/Javascript/telegram_bot/node_modules/grammy/out/composer.js:57:15\n    at /home/lion2517/Рабочий стол/Учёба/Javascript/telegram_bot/node_modules/grammy/out/composer.js:52:41\n    at /home/lion2517/Рабочий стол/Учёба/Javascript/telegram_bot/node_modules/grammy/out/composer.js:52:41\n    at /home/lion2517/Рабочий стол/Учёба/Javascript/telegram_bot/node_modules/grammy/out/composer.js:578:48","error":{"type":"ReferenceError","message":"ADMIN_CHAT_ID is not defined","stack":"ReferenceError: ADMIN_CHAT_ID is not defined\n    at bot.on.filter.messageToForward (/home/lion2517/Рабочий стол/Учёба/Javascript/telegram_bot/index.js:49:40)\n    at /home/lion2517/Рабочий стол/Учёба/Javascript/telegram_bot/node_modules/grammy/out/composer.js:645:48\n    at /home/lion2517/Рабочий стол/Учёба/Javascript/telegram_bot/node_modules/grammy/out/composer.js:576:38\n    at /home/lion2517/Рабочий стол/Учёба/Javascript/telegram_bot/node_modules/grammy/out/composer.js:52:41\n    at /home/lion2517/Рабочий стол/Учёба/Javascript/telegram_bot/node_modules/grammy/out/composer.js:62:19\n    at pass (/home/lion2517/Рабочий стол/Учёба/Javascript/telegram_bot/node_modules/grammy/out/composer.js:67:12)\n    at /home/lion2517/Рабочий стол/Учёба/Javascript/telegram_bot/node_modules/grammy/out/composer.js:57:15\n    at /home/lion2517/Рабочий стол/Учёба/Javascript/telegram_bot/node_modules/grammy/out/composer.js:52:41\n    at /home/lion2517/Рабочий стол/Учёба/Javascript/telegram_bot/node_modules/grammy/out/composer.js:52:41\n    at /home/lion2517/Рабочий стол/Учёба/Javascript/telegram_bot/node_modules/grammy/out/composer.js:578:48"},"ctx":{"update":{"update_id":793600383,"message":{"message_id":533,"from":{"id":5077836445,"is_bot":false,"first_name":"Забирджон","username":"ashurmezan","language_code":"ru"},"chat":{"id":-4627282305,"title":"Тест для бота на node.js","type":"group","all_members_are_administrators":true,"accepted_gift_types":{"unlimited_gifts":false,"limited_gifts":false,"unique_gifts":false,"premium_subscription":false}},"date":1756574115,"text":"/send_news\nСводка новостей\n\n1.  *29 августа.* В Риге открылся новый технопарк. Вчера в столице начал работу «Tech Hub Riga» — инновационный кластер, объединяющий IT-стартапы. Ожидается создание более 500 новых рабочих мест в течение двух лет.\n\n2.  *29 августа.* Курс криптовалют показал рост. Ведущие цифровые валюты, включая Bitcoin и Ethereum, продемонстрировали уверенный рост на 7% за последние 24 часа. Аналитики связывают это с новостями о смягчении регулирования в азиатском регионе.\n\n3.  *29 августа.* В Германии прошёл саммит по вопросам экологии. В Берлине завершилась международная конференция «Green Future 2025», где лидеры 30 стран обсудили стратегии сокращения выбросов углекислого газа. Принята дорожная карта по переходу на возобновляемые источники энергии.\n\n4.  *29 августа.* Исследователи нашли новый вид насекомых. Группа учёных из университета Оксфорда обнаружила в тропических лесах Амазонии ранее неизвестный вид бабочек.","entities":[{"offset":0,"length":10,"type":"bot_command"},{"offset":11,"length":15,"type":"bold"},{"offset":46,"length":32,"type":"bold"},{"offset":262,"length":30,"type":"bold"},{"offset":510,"length":46,"type":"bold"},{"offset":794,"length":40,"type":"bold"}]}},"api":{"token":"7151630548:AAFymuvNTiFFf9xsfNvWuuK2SRlGbMZZxfU","raw":{},"config":{}},"me":{"id":7151630548,"is_bot":true,"first_name":"Библиотекарь","username":"Library_Test_for_Leo_Bot","can_join_groups":true,"can_read_all_group_messages":false,"supports_inline_queries":false,"can_connect_to_business":false,"has_main_web_app":false}},"name":"BotError"},"msg":"Ошибка бота перехвачена"}
{"level":30,"time":"30.08.2025 22:17","msg":"Бот запущен."}
{"level":30,"time":"30.08.2025 22:17","msg":"Подключение к базе данных SQLite успешно установлено."}
{"level":30,"time":"30.08.2025 22:17","msg":"Таблица \"black_list\" готова."}
{"level":30,"time":"30.08.2025 22:17","msg":"Таблица \"bot_users\" готова."}
{"level":30,"time":"30.08.2025 22:18","msg":"Бот запущен."}
{"level":30,"time":"30.08.2025 22:18","msg":"Подключение к базе данных SQLite успешно установлено."}
{"level":30,"time":"30.08.2025 22:18","msg":"Таблица \"black_list\" готова."}
{"level":30,"time":"30.08.2025 22:18","msg":"Таблица \"bot_users\" готова."}
{"level":30,"time":"30.08.2025 22:20","msg":"Бот запущен."}
{"level":30,"time":"30.08.2025 22:20","msg":"Подключение к базе данных SQLite успешно установлено."}
{"level":30,"time":"30.08.2025 22:20","msg":"Таблица \"black_list\" готова."}
{"level":30,"time":"30.08.2025 22:20","msg":"Таблица \"bot_users\" готова."}
{"level":50,"time":"30.08.2025 22:20","update":{"update_id":793600384,"message":{"message_id":534,"from":{"id":5077836445,"is_bot":false,"first_name":"Забирджон","username":"ashurmezan","language_code":"ru"},"chat":{"id":-4627282305,"title":"Тест для бота на node.js","type":"group","all_members_are_administrators":true,"accepted_gift_types":{"unlimited_gifts":false,"limited_gifts":false,"unique_gifts":false,"premium_subscription":false}},"date":1756574434,"text":"/send_news\nСводка новостей\n\n1.  *29 августа.* В Риге открылся новый технопарк. Вчера в столице начал работу «Tech Hub Riga» — инновационный кластер, объединяющий IT-стартапы. Ожидается создание более 500 новых рабочих мест в течение двух лет.\n\n2.  *29 августа.* Курс криптовалют показал рост. Ведущие цифровые валюты, включая Bitcoin и Ethereum, продемонстрировали уверенный рост на 7% за последние 24 часа. Аналитики связывают это с новостями о смягчении регулирования в азиатском регионе.\n\n3.  *29 августа.* В Германии прошёл саммит по вопросам экологии. В Берлине завершилась международная конференция «Green Future 2025», где лидеры 30 стран обсудили стратегии сокращения выбросов углекислого газа. Принята дорожная карта по переходу на возобновляемые источники энергии.\n\n4.  *29 августа.* Исследователи нашли новый вид насекомых. Группа учёных из университета Оксфорда обнаружила в тропических лесах Амазонии ранее неизвестный вид бабочек.","entities":[{"offset":0,"length":10,"type":"bot_command"},{"offset":11,"length":15,"type":"bold"},{"offset":46,"length":32,"type":"bold"},{"offset":262,"length":30,"type":"bold"},{"offset":510,"length":46,"type":"bold"},{"offset":794,"length":40,"type":"bold"}]}},"err":{"type":"BotError","message":"ReferenceError in middleware: ADMIN_CHAT_ID is not defined","stack":"ReferenceError: ADMIN_CHAT_ID is not defined\n    at bot.on.filter.messageToForward (/home/lion2517/Рабочий стол/Учёба/Javascript/telegram_bot/index.js:49:40)\n    at /home/lion2517/Рабочий стол/Учёба/Javascript/telegram_bot/node_modules/grammy/out/composer.js:645:48\n    at /home/lion2517/Рабочий стол/Учёба/Javascript/telegram_bot/node_modules/grammy/out/composer.js:576:38\n    at /home/lion2517/Рабочий стол/Учёба/Javascript/telegram_bot/node_modules/grammy/out/composer.js:52:41\n    at /home/lion2517/Рабочий стол/Учёба/Javascript/telegram_bot/node_modules/grammy/out/composer.js:62:19\n    at pass (/home/lion2517/Рабочий стол/Учёба/Javascript/telegram_bot/node_modules/grammy/out/composer.js:67:12)\n    at /home/lion2517/Рабочий стол/Учёба/Javascript/telegram_bot/node_modules/grammy/out/composer.js:57:15\n    at /home/lion2517/Рабочий стол/Учёба/Javascript/telegram_bot/node_modules/grammy/out/composer.js:52:41\n    at /home/lion2517/Рабочий стол/Учёба/Javascript/telegram_bot/node_modules/grammy/out/composer.js:52:41\n    at /home/lion2517/Рабочий стол/Учёба/Javascript/telegram_bot/node_modules/grammy/out/composer.js:578:48","error":{"type":"ReferenceError","message":"ADMIN_CHAT_ID is not defined","stack":"ReferenceError: ADMIN_CHAT_ID is not defined\n    at bot.on.filter.messageToForward (/home/lion2517/Рабочий стол/Учёба/Javascript/telegram_bot/index.js:49:40)\n    at /home/lion2517/Рабочий стол/Учёба/Javascript/telegram_bot/node_modules/grammy/out/composer.js:645:48\n    at /home/lion2517/Рабочий стол/Учёба/Javascript/telegram_bot/node_modules/grammy/out/composer.js:576:38\n    at /home/lion2517/Рабочий стол/Учёба/Javascript/telegram_bot/node_modules/grammy/out/composer.js:52:41\n    at /home/lion2517/Рабочий стол/Учёба/Javascript/telegram_bot/node_modules/grammy/out/composer.js:62:19\n    at pass (/home/lion2517/Рабочий стол/Учёба/Javascript/telegram_bot/node_modules/grammy/out/composer.js:67:12)\n    at /home/lion2517/Рабочий стол/Учёба/Javascript/telegram_bot/node_modules/grammy/out/composer.js:57:15\n    at /home/lion2517/Рабочий стол/Учёба/Javascript/telegram_bot/node_modules/grammy/out/composer.js:52:41\n    at /home/lion2517/Рабочий стол/Учёба/Javascript/telegram_bot/node_modules/grammy/out/composer.js:52:41\n    at /home/lion2517/Рабочий стол/Учёба/Javascript/telegram_bot/node_modules/grammy/out/composer.js:578:48"},"ctx":{"update":{"update_id":793600384,"message":{"message_id":534,"from":{"id":5077836445,"is_bot":false,"first_name":"Забирджон","username":"ashurmezan","language_code":"ru"},"chat":{"id":-4627282305,"title":"Тест для бота на node.js","type":"group","all_members_are_administrators":true,"accepted_gift_types":{"unlimited_gifts":false,"limited_gifts":false,"unique_gifts":false,"premium_subscription":false}},"date":1756574434,"text":"/send_news\nСводка новостей\n\n1.  *29 августа.* В Риге открылся новый технопарк. Вчера в столице начал работу «Tech Hub Riga» — инновационный кластер, объединяющий IT-стартапы. Ожидается создание более 500 новых рабочих мест в течение двух лет.\n\n2.  *29 августа.* Курс криптовалют показал рост. Ведущие цифровые валюты, включая Bitcoin и Ethereum, продемонстрировали уверенный рост на 7% за последние 24 часа. Аналитики связывают это с новостями о смягчении регулирования в азиатском регионе.\n\n3.  *29 августа.* В Германии прошёл саммит по вопросам экологии. В Берлине завершилась международная конференция «Green Future 2025», где лидеры 30 стран обсудили стратегии сокращения выбросов углекислого газа. Принята дорожная карта по переходу на возобновляемые источники энергии.\n\n4.  *29 августа.* Исследователи нашли новый вид насекомых. Группа учёных из университета Оксфорда обнаружила в тропических лесах Амазонии ранее неизвестный вид бабочек.","entities":[{"offset":0,"length":10,"type":"bot_command"},{"offset":11,"length":15,"type":"bold"},{"offset":46,"length":32,"type":"bold"},{"offset":262,"length":30,"type":"bold"},{"offset":510,"length":46,"type":"bold"},{"offset":794,"length":40,"type":"bold"}]}},"api":{"token":"7151630548:AAFymuvNTiFFf9xsfNvWuuK2SRlGbMZZxfU","raw":{},"config":{}},"me":{"id":7151630548,"is_bot":true,"first_name":"Библиотекарь","username":"Library_Test_for_Leo_Bot","can_join_groups":true,"can_read_all_group_messages":false,"supports_inline_queries":false,"can_connect_to_business":false,"has_main_web_app":false}},"name":"BotError"},"msg":"Ошибка бота перехвачена"}
{"level":30,"time":"30.08.2025 22:20","msg":"Бот запущен."}
{"level":30,"time":"30.08.2025 22:20","msg":"Подключение к базе данных SQLite успешно установлено."}
{"level":30,"time":"30.08.2025 22:20","msg":"Таблица \"black_list\" готова."}
{"level":30,"time":"30.08.2025 22:20","msg":"Таблица \"bot_users\" готова."}
{"level":30,"time":"30.08.2025 22:22","msg":"Бот запущен."}
{"level":30,"time":"30.08.2025 22:22","msg":"Подключение к базе данных SQLite успешно установлено."}
{"level":30,"time":"30.08.2025 22:22","msg":"Таблица \"black_list\" готова."}
{"level":30,"time":"30.08.2025 22:22","msg":"Таблица \"bot_users\" готова."}
{"level":30,"time":"30.08.2025 22:25","msg":"Бот запущен."}
{"level":30,"time":"30.08.2025 22:25","msg":"Подключение к базе данных SQLite успешно установлено."}
{"level":30,"time":"30.08.2025 22:25","msg":"Таблица \"black_list\" готова."}
{"level":30,"time":"30.08.2025 22:25","msg":"Таблица \"bot_users\" готова."}
{"level":30,"time":"30.08.2025 22:27","msg":"Бот запущен."}
{"level":30,"time":"30.08.2025 22:27","msg":"Подключение к базе данных SQLite успешно установлено."}
{"level":30,"time":"30.08.2025 22:27","msg":"Таблица \"black_list\" готова."}
{"level":30,"time":"30.08.2025 22:27","msg":"Таблица \"bot_users\" готова."}
{"level":30,"time":"30.08.2025 22:28","msg":"Бот запущен."}
{"level":30,"time":"30.08.2025 22:28","msg":"Подключение к базе данных SQLite успешно установлено."}
{"level":30,"time":"30.08.2025 22:28","msg":"Таблица \"black_list\" готова."}
{"level":30,"time":"30.08.2025 22:28","msg":"Таблица \"bot_users\" готова."}
{"level":30,"time":"30.08.2025 22:28","msg":"Бот запущен."}
{"level":30,"time":"30.08.2025 22:28","msg":"Подключение к базе данных SQLite успешно установлено."}
{"level":30,"time":"30.08.2025 22:28","msg":"Таблица \"black_list\" готова."}
{"level":30,"time":"30.08.2025 22:28","msg":"Таблица \"bot_users\" готова."}
{"level":30,"time":"30.08.2025 22:31","msg":"Бот запущен."}
{"level":30,"time":"30.08.2025 22:31","msg":"Подключение к базе данных SQLite успешно установлено."}
{"level":30,"time":"30.08.2025 22:31","msg":"Таблица \"black_list\" готова."}
{"level":30,"time":"30.08.2025 22:31","msg":"Таблица \"bot_users\" готова."}
{"level":30,"time":"30.08.2025 22:31","msg":"Бот запущен."}
{"level":30,"time":"30.08.2025 22:31","msg":"Подключение к базе данных SQLite успешно установлено."}
{"level":30,"time":"30.08.2025 22:31","msg":"Таблица \"black_list\" готова."}
{"level":30,"time":"30.08.2025 22:31","msg":"Таблица \"bot_users\" готова."}
{"level":50,"time":"30.08.2025 22:32","update":{"update_id":793600388,"message":{"message_id":541,"from":{"id":5077836445,"is_bot":false,"first_name":"Забирджон","username":"ashurmezan","language_code":"ru"},"chat":{"id":-4627282305,"title":"Тест для бота на node.js","type":"group","all_members_are_administrators":true,"accepted_gift_types":{"unlimited_gifts":false,"limited_gifts":false,"unique_gifts":false,"premium_subscription":false}},"date":1756575120,"text":"/send_news\nСводка новостей\n\n1.  *29 августа.* В Риге открылся новый технопарк. Вчера в столице начал работу «Tech Hub Riga» — инновационный кластер, объединяющий IT-стартапы. Ожидается создание более 500 новых рабочих мест в течение двух лет.\n\n2.  *29 августа.* Курс криптовалют показал рост. Ведущие цифровые валюты, включая Bitcoin и Ethereum, продемонстрировали уверенный рост на 7% за последние 24 часа. Аналитики связывают это с новостями о смягчении регулирования в азиатском регионе.\n\n3.  *29 августа.* В Германии прошёл саммит по вопросам экологии. В Берлине завершилась международная конференция «Green Future 2025», где лидеры 30 стран обсудили стратегии сокращения выбросов углекислого газа. Принята дорожная карта по переходу на возобновляемые источники энергии.\n\n4.  *29 августа.* Исследователи нашли новый вид насекомых. Группа учёных из университета Оксфорда обнаружила в тропических лесах Амазонии ранее неизвестный вид бабочек.","entities":[{"offset":0,"length":10,"type":"bot_command"},{"offset":11,"length":15,"type":"bold"},{"offset":46,"length":32,"type":"bold"},{"offset":262,"length":30,"type":"bold"},{"offset":510,"length":46,"type":"bold"},{"offset":794,"length":40,"type":"bold"}]}},"err":{"type":"BotError","message":"TypeError in middleware: Cannot read properties of undefined (reading 'text')","stack":"TypeError: Cannot read properties of undefined (reading 'text')\n    at /home/lion2517/Рабочий стол/Учёба/Javascript/telegram_bot/index.js:62:61\n    at /home/lion2517/Рабочий стол/Учёба/Javascript/telegram_bot/node_modules/grammy/out/composer.js:645:48\n    at /home/lion2517/Рабочий стол/Учёба/Javascript/telegram_bot/node_modules/grammy/out/composer.js:576:38\n    at /home/lion2517/Рабочий стол/Учёба/Javascript/telegram_bot/node_modules/grammy/out/composer.js:52:41\n    at /home/lion2517/Рабочий стол/Учёба/Javascript/telegram_bot/node_modules/grammy/out/composer.js:62:19\n    at pass (/home/lion2517/Рабочий стол/Учёба/Javascript/telegram_bot/node_modules/grammy/out/composer.js:67:12)\n    at /home/lion2517/Рабочий стол/Учёба/Javascript/telegram_bot/node_modules/grammy/out/composer.js:57:15\n    at /home/lion2517/Рабочий стол/Учёба/Javascript/telegram_bot/node_modules/grammy/out/composer.js:52:41\n    at /home/lion2517/Рабочий стол/Учёба/Javascript/telegram_bot/node_modules/grammy/out/composer.js:52:41\n    at /home/lion2517/Рабочий стол/Учёба/Javascript/telegram_bot/node_modules/grammy/out/composer.js:578:48","error":{"type":"TypeError","message":"Cannot read properties of undefined (reading 'text')","stack":"TypeError: Cannot read properties of undefined (reading 'text')\n    at /home/lion2517/Рабочий стол/Учёба/Javascript/telegram_bot/index.js:62:61\n    at /home/lion2517/Рабочий стол/Учёба/Javascript/telegram_bot/node_modules/grammy/out/composer.js:645:48\n    at /home/lion2517/Рабочий стол/Учёба/Javascript/telegram_bot/node_modules/grammy/out/composer.js:576:38\n    at /home/lion2517/Рабочий стол/Учёба/Javascript/telegram_bot/node_modules/grammy/out/composer.js:52:41\n    at /home/lion2517/Рабочий стол/Учёба/Javascript/telegram_bot/node_modules/grammy/out/composer.js:62:19\n    at pass (/home/lion2517/Рабочий стол/Учёба/Javascript/telegram_bot/node_modules/grammy/out/composer.js:67:12)\n    at /home/lion2517/Рабочий стол/Учёба/Javascript/telegram_bot/node_modules/grammy/out/composer.js:57:15\n    at /home/lion2517/Рабочий стол/Учёба/Javascript/telegram_bot/node_modules/grammy/out/composer.js:52:41\n    at /home/lion2517/Рабочий стол/Учёба/Javascript/telegram_bot/node_modules/grammy/out/composer.js:52:41\n    at /home/lion2517/Рабочий стол/Учёба/Javascript/telegram_bot/node_modules/grammy/out/composer.js:578:48"},"ctx":{"update":{"update_id":793600388,"message":{"message_id":541,"from":{"id":5077836445,"is_bot":false,"first_name":"Забирджон","username":"ashurmezan","language_code":"ru"},"chat":{"id":-4627282305,"title":"Тест для бота на node.js","type":"group","all_members_are_administrators":true,"accepted_gift_types":{"unlimited_gifts":false,"limited_gifts":false,"unique_gifts":false,"premium_subscription":false}},"date":1756575120,"text":"/send_news\nСводка новостей\n\n1.  *29 августа.* В Риге открылся новый технопарк. Вчера в столице начал работу «Tech Hub Riga» — инновационный кластер, объединяющий IT-стартапы. Ожидается создание более 500 новых рабочих мест в течение двух лет.\n\n2.  *29 августа.* Курс криптовалют показал рост. Ведущие цифровые валюты, включая Bitcoin и Ethereum, продемонстрировали уверенный рост на 7% за последние 24 часа. Аналитики связывают это с новостями о смягчении регулирования в азиатском регионе.\n\n3.  *29 августа.* В Германии прошёл саммит по вопросам экологии. В Берлине завершилась международная конференция «Green Future 2025», где лидеры 30 стран обсудили стратегии сокращения выбросов углекислого газа. Принята дорожная карта по переходу на возобновляемые источники энергии.\n\n4.  *29 августа.* Исследователи нашли новый вид насекомых. Группа учёных из университета Оксфорда обнаружила в тропических лесах Амазонии ранее неизвестный вид бабочек.","entities":[{"offset":0,"length":10,"type":"bot_command"},{"offset":11,"length":15,"type":"bold"},{"offset":46,"length":32,"type":"bold"},{"offset":262,"length":30,"type":"bold"},{"offset":510,"length":46,"type":"bold"},{"offset":794,"length":40,"type":"bold"}]}},"api":{"token":"7151630548:AAFymuvNTiFFf9xsfNvWuuK2SRlGbMZZxfU","raw":{},"config":{}},"me":{"id":7151630548,"is_bot":true,"first_name":"Библиотекарь","username":"Library_Test_for_Leo_Bot","can_join_groups":true,"can_read_all_group_messages":false,"supports_inline_queries":false,"can_connect_to_business":false,"has_main_web_app":false}},"name":"BotError"},"msg":"Ошибка бота перехвачена"}
{"level":30,"time":"30.08.2025 22:32","msg":"Бот запущен."}
{"level":30,"time":"30.08.2025 22:32","msg":"Подключение к базе данных SQLite успешно установлено."}
{"level":30,"time":"30.08.2025 22:32","msg":"Таблица \"black_list\" готова."}
{"level":30,"time":"30.08.2025 22:32","msg":"Таблица \"bot_users\" готова."}
{"level":30,"time":"30.08.2025 22:36","msg":"Бот запущен."}
{"level":30,"time":"30.08.2025 22:36","msg":"Подключение к базе данных SQLite успешно установлено."}
{"level":30,"time":"30.08.2025 22:36","msg":"Таблица \"black_list\" готова."}
{"level":30,"time":"30.08.2025 22:36","msg":"Таблица \"bot_users\" готова."}
{"level":50,"time":"30.08.2025 22:36","update":{"update_id":793600389,"message":{"message_id":542,"from":{"id":5077836445,"is_bot":false,"first_name":"Забирджон","username":"ashurmezan","language_code":"ru"},"chat":{"id":-4627282305,"title":"Тест для бота на node.js","type":"group","all_members_are_administrators":true,"accepted_gift_types":{"unlimited_gifts":false,"limited_gifts":false,"unique_gifts":false,"premium_subscription":false}},"date":1756575400,"text":"/send_news\nСводка новостей\n\n1.  *29 августа.* В Риге открылся новый технопарк. Вчера в столице начал работу «Tech Hub Riga» — инновационный кластер, объединяющий IT-стартапы. Ожидается создание более 500 новых рабочих мест в течение двух лет.\n\n2.  *29 августа.* Курс криптовалют показал рост. Ведущие цифровые валюты, включая Bitcoin и Ethereum, продемонстрировали уверенный рост на 7% за последние 24 часа. Аналитики связывают это с новостями о смягчении регулирования в азиатском регионе.\n\n3.  *29 августа.* В Германии прошёл саммит по вопросам экологии. В Берлине завершилась международная конференция «Green Future 2025», где лидеры 30 стран обсудили стратегии сокращения выбросов углекислого газа. Принята дорожная карта по переходу на возобновляемые источники энергии.\n\n4.  *29 августа.* Исследователи нашли новый вид насекомых. Группа учёных из университета Оксфорда обнаружила в тропических лесах Амазонии ранее неизвестный вид бабочек.","entities":[{"offset":0,"length":10,"type":"bot_command"},{"offset":11,"length":15,"type":"bold"},{"offset":46,"length":32,"type":"bold"},{"offset":262,"length":30,"type":"bold"},{"offset":510,"length":46,"type":"bold"},{"offset":794,"length":40,"type":"bold"}]}},"err":{"type":"BotError","message":"TypeError in middleware: Cannot read properties of undefined (reading 'text')","stack":"TypeError: Cannot read properties of undefined (reading 'text')\n    at /home/lion2517/Рабочий стол/Учёба/Javascript/telegram_bot/index.js:56:61\n    at /home/lion2517/Рабочий стол/Учёба/Javascript/telegram_bot/node_modules/grammy/out/composer.js:645:48\n    at /home/lion2517/Рабочий стол/Учёба/Javascript/telegram_bot/node_modules/grammy/out/composer.js:576:38\n    at /home/lion2517/Рабочий стол/Учёба/Javascript/telegram_bot/node_modules/grammy/out/composer.js:52:41\n    at /home/lion2517/Рабочий стол/Учёба/Javascript/telegram_bot/node_modules/grammy/out/composer.js:62:19\n    at pass (/home/lion2517/Рабочий стол/Учёба/Javascript/telegram_bot/node_modules/grammy/out/composer.js:67:12)\n    at /home/lion2517/Рабочий стол/Учёба/Javascript/telegram_bot/node_modules/grammy/out/composer.js:57:15\n    at /home/lion2517/Рабочий стол/Учёба/Javascript/telegram_bot/node_modules/grammy/out/composer.js:52:41\n    at /home/lion2517/Рабочий стол/Учёба/Javascript/telegram_bot/node_modules/grammy/out/composer.js:52:41\n    at /home/lion2517/Рабочий стол/Учёба/Javascript/telegram_bot/node_modules/grammy/out/composer.js:578:48","error":{"type":"TypeError","message":"Cannot read properties of undefined (reading 'text')","stack":"TypeError: Cannot read properties of undefined (reading 'text')\n    at /home/lion2517/Рабочий стол/Учёба/Javascript/telegram_bot/index.js:56:61\n    at /home/lion2517/Рабочий стол/Учёба/Javascript/telegram_bot/node_modules/grammy/out/composer.js:645:48\n    at /home/lion2517/Рабочий стол/Учёба/Javascript/telegram_bot/node_modules/grammy/out/composer.js:576:38\n    at /home/lion2517/Рабочий стол/Учёба/Javascript/telegram_bot/node_modules/grammy/out/composer.js:52:41\n    at /home/lion2517/Рабочий стол/Учёба/Javascript/telegram_bot/node_modules/grammy/out/composer.js:62:19\n    at pass (/home/lion2517/Рабочий стол/Учёба/Javascript/telegram_bot/node_modules/grammy/out/composer.js:67:12)\n    at /home/lion2517/Рабочий стол/Учёба/Javascript/telegram_bot/node_modules/grammy/out/composer.js:57:15\n    at /home/lion2517/Рабочий стол/Учёба/Javascript/telegram_bot/node_modules/grammy/out/composer.js:52:41\n    at /home/lion2517/Рабочий стол/Учёба/Javascript/telegram_bot/node_modules/grammy/out/composer.js:52:41\n    at /home/lion2517/Рабочий стол/Учёба/Javascript/telegram_bot/node_modules/grammy/out/composer.js:578:48"},"ctx":{"update":{"update_id":793600389,"message":{"message_id":542,"from":{"id":5077836445,"is_bot":false,"first_name":"Забирджон","username":"ashurmezan","language_code":"ru"},"chat":{"id":-4627282305,"title":"Тест для бота на node.js","type":"group","all_members_are_administrators":true,"accepted_gift_types":{"unlimited_gifts":false,"limited_gifts":false,"unique_gifts":false,"premium_subscription":false}},"date":1756575400,"text":"/send_news\nСводка новостей\n\n1.  *29 августа.* В Риге открылся новый технопарк. Вчера в столице начал работу «Tech Hub Riga» — инновационный кластер, объединяющий IT-стартапы. Ожидается создание более 500 новых рабочих мест в течение двух лет.\n\n2.  *29 августа.* Курс криптовалют показал рост. Ведущие цифровые валюты, включая Bitcoin и Ethereum, продемонстрировали уверенный рост на 7% за последние 24 часа. Аналитики связывают это с новостями о смягчении регулирования в азиатском регионе.\n\n3.  *29 августа.* В Германии прошёл саммит по вопросам экологии. В Берлине завершилась международная конференция «Green Future 2025», где лидеры 30 стран обсудили стратегии сокращения выбросов углекислого газа. Принята дорожная карта по переходу на возобновляемые источники энергии.\n\n4.  *29 августа.* Исследователи нашли новый вид насекомых. Группа учёных из университета Оксфорда обнаружила в тропических лесах Амазонии ранее неизвестный вид бабочек.","entities":[{"offset":0,"length":10,"type":"bot_command"},{"offset":11,"length":15,"type":"bold"},{"offset":46,"length":32,"type":"bold"},{"offset":262,"length":30,"type":"bold"},{"offset":510,"length":46,"type":"bold"},{"offset":794,"length":40,"type":"bold"}]}},"api":{"token":"7151630548:AAFymuvNTiFFf9xsfNvWuuK2SRlGbMZZxfU","raw":{},"config":{}},"me":{"id":7151630548,"is_bot":true,"first_name":"Библиотекарь","username":"Library_Test_for_Leo_Bot","can_join_groups":true,"can_read_all_group_messages":false,"supports_inline_queries":false,"can_connect_to_business":false,"has_main_web_app":false}},"name":"BotError"},"msg":"Ошибка бота перехвачена"}
{"level":30,"time":"30.08.2025 22:43","msg":"Бот запущен."}
{"level":30,"time":"30.08.2025 22:43","msg":"Подключение к базе данных SQLite успешно установлено."}
{"level":30,"time":"30.08.2025 22:43","msg":"Таблица \"black_list\" готова."}
{"level":30,"time":"30.08.2025 22:43","msg":"Таблица \"bot_users\" готова."}
{"level":30,"time":"31.08.2025 14:32","msg":"Бот запущен."}
{"level":30,"time":"31.08.2025 14:32","msg":"Подключение к базе данных SQLite успешно установлено."}
{"level":30,"time":"31.08.2025 14:32","msg":"Таблица \"black_list\" готова."}
{"level":30,"time":"31.08.2025 14:32","msg":"Таблица \"bot_users\" готова."}
{"level":30,"time":"31.08.2025 15:06","msg":"Бот запущен."}
{"level":30,"time":"31.08.2025 15:06","msg":"Подключение к базе данных SQLite успешно установлено."}
{"level":30,"time":"31.08.2025 15:06","msg":"Таблица \"black_list\" готова."}
{"level":30,"time":"31.08.2025 15:06","msg":"Таблица \"bot_users\" готова."}
{"level":30,"time":"31.08.2025 16:03","msg":"Бот запущен."}
{"level":30,"time":"31.08.2025 16:03","msg":"Подключение к базе данных SQLite успешно установлено."}
{"level":30,"time":"31.08.2025 16:03","msg":"Таблица \"black_list\" готова."}
{"level":30,"time":"31.08.2025 16:03","msg":"Таблица \"bot_users\" готова."}
{"level":30,"time":"31.08.2025 16:03","msg":"Бот запущен."}
{"level":30,"time":"31.08.2025 16:03","msg":"Подключение к базе данных SQLite успешно установлено."}
{"level":30,"time":"31.08.2025 16:03","msg":"Таблица \"black_list\" готова."}
{"level":30,"time":"31.08.2025 16:03","msg":"Таблица \"bot_users\" готова."}
{"level":30,"time":"31.08.2025 16:04","msg":"Бот запущен."}
{"level":30,"time":"31.08.2025 16:04","msg":"Подключение к базе данных SQLite успешно установлено."}
{"level":30,"time":"31.08.2025 16:04","msg":"Таблица \"black_list\" готова."}
{"level":30,"time":"31.08.2025 16:04","msg":"Таблица \"bot_users\" готова."}
{"level":30,"time":"31.08.2025 16:06","msg":"Бот запущен."}
{"level":30,"time":"31.08.2025 16:06","msg":"Подключение к базе данных SQLite успешно установлено."}
{"level":30,"time":"31.08.2025 16:06","msg":"Таблица \"black_list\" готова."}
{"level":30,"time":"31.08.2025 16:06","msg":"Таблица \"bot_users\" готова."}
{"level":30,"time":"31.08.2025 16:06","msg":"Бот запущен."}
{"level":30,"time":"31.08.2025 16:06","msg":"Подключение к базе данных SQLite успешно установлено."}
{"level":30,"time":"31.08.2025 16:06","msg":"Таблица \"black_list\" готова."}
{"level":30,"time":"31.08.2025 16:06","msg":"Таблица \"bot_users\" готова."}
{"level":30,"time":"31.08.2025 16:08","msg":"Бот запущен."}
{"level":30,"time":"31.08.2025 16:08","msg":"Подключение к базе данных SQLite успешно установлено."}
{"level":30,"time":"31.08.2025 16:08","msg":"Таблица \"black_list\" готова."}
{"level":30,"time":"31.08.2025 16:08","msg":"Таблица \"bot_users\" готова."}
{"level":30,"time":"31.08.2025 16:45","msg":"Бот запущен."}
{"level":30,"time":"31.08.2025 16:45","msg":"Подключение к базе данных SQLite успешно установлено."}
{"level":30,"time":"31.08.2025 16:45","msg":"Таблица \"black_list\" готова."}
{"level":30,"time":"31.08.2025 16:45","msg":"Таблица \"bot_users\" готова."}
{"level":30,"time":"31.08.2025 16:45","msg":"Бот запущен."}
{"level":30,"time":"31.08.2025 16:45","msg":"Подключение к базе данных SQLite успешно установлено."}
{"level":30,"time":"31.08.2025 16:45","msg":"Таблица \"black_list\" готова."}
{"level":30,"time":"31.08.2025 16:45","msg":"Таблица \"bot_users\" готова."}
{"level":30,"time":"31.08.2025 16:50","msg":"Бот запущен."}
{"level":30,"time":"31.08.2025 16:50","msg":"Подключение к базе данных SQLite успешно установлено."}
{"level":30,"time":"31.08.2025 16:50","msg":"Таблица \"black_list\" готова."}
{"level":30,"time":"31.08.2025 16:50","msg":"Таблица \"bot_users\" готова."}
{"level":30,"time":"31.08.2025 16:50","msg":"Бот запущен."}
{"level":30,"time":"31.08.2025 16:50","msg":"Подключение к базе данных SQLite успешно установлено."}
{"level":30,"time":"31.08.2025 16:50","msg":"Таблица \"black_list\" готова."}
{"level":30,"time":"31.08.2025 16:50","msg":"Таблица \"bot_users\" готова."}
{"level":30,"time":"31.08.2025 16:50","msg":"Бот запущен."}
{"level":30,"time":"31.08.2025 16:50","msg":"Подключение к базе данных SQLite успешно установлено."}
{"level":30,"time":"31.08.2025 16:50","msg":"Таблица \"black_list\" готова."}
{"level":30,"time":"31.08.2025 16:50","msg":"Таблица \"bot_users\" готова."}
{"level":30,"time":"31.08.2025 16:50","msg":"Бот запущен."}
{"level":30,"time":"31.08.2025 16:50","msg":"Подключение к базе данных SQLite успешно установлено."}
{"level":30,"time":"31.08.2025 16:50","msg":"Таблица \"black_list\" готова."}
{"level":30,"time":"31.08.2025 16:50","msg":"Таблица \"bot_users\" готова."}
{"level":30,"time":"31.08.2025 16:50","msg":"Бот запущен."}
{"level":30,"time":"31.08.2025 16:50","msg":"Подключение к базе данных SQLite успешно установлено."}
{"level":30,"time":"31.08.2025 16:50","msg":"Таблица \"black_list\" готова."}
{"level":30,"time":"31.08.2025 16:50","msg":"Таблица \"bot_users\" готова."}
